<?xml version="1.0" encoding="UTF-8"?>
<!-- Generated by org.testng.reporters.JUnitReportReporter -->
<testsuite skipped="1" hostname="Panithi" name="com.qa.opencart.test.RegistrationPageTest" tests="1" failures="0" timestamp="2022-12-29T09:53:42 IST" time="0.000" errors="0">
  <testcase name="registrationTest" time="0.000" classname="com.qa.opencart.test.RegistrationPageTest">
    <skipped/>
  </testcase> <!-- registrationTest -->
  <system-out/>
</testsuite> <!-- com.qa.opencart.test.RegistrationPageTest -->
